-------------------------------------------------------------------------------
Test set: com.siemens.eams.EmployeeAssetManagementSystemApplicationTests
-------------------------------------------------------------------------------
Tests run: 1, Failures: 0, Errors: 1, Skipped: 0, Time elapsed: 11.208 s <<< FAILURE! - in com.siemens.eams.EmployeeAssetManagementSystemApplicationTests
contextLoads  Time elapsed: 0.031 s  <<< ERROR!
java.lang.IllegalStateException: Failed to load ApplicationContext
Caused by: org.springframework.beans.factory.UnsatisfiedDependencyException: Error creating bean with name 'webSecurityConfiguration': Unsatisfied dependency expressed through field 'userDetailsService'; nested exception is org.springframework.beans.factory.BeanCurrentlyInCreationException: Error creating bean with name 'webSecurityConfiguration': Requested bean is currently in creation: Is there an unresolvable circular reference?
Caused by: org.springframework.beans.factory.BeanCurrentlyInCreationException: Error creating bean with name 'webSecurityConfiguration': Requested bean is currently in creation: Is there an unresolvable circular reference?

